2026-07-18 22:30:55.235 | INFO     | app.core.lifespan:lifespan:10 - Starting Sentinel AI...
2026-07-18 22:32:17.978 | INFO     | app.core.lifespan:lifespan:14 - Stopping Sentinel AI...
2026-07-19 20:57:29.017 | INFO     | app.core.lifespan:lifespan:10 - Starting Sentinel AI...
2026-07-19 20:57:39.763 | INFO     | app.core.lifespan:lifespan:14 - Stopping Sentinel AI...
2026-07-19 20:57:45.993 | INFO     | app.core.lifespan:lifespan:10 - Starting Sentinel AI...
2026-07-19 21:02:47.307 | INFO     | app.core.lifespan:lifespan:14 - Stopping Sentinel AI...
2026-07-19 21:02:50.214 | INFO     | app.core.lifespan:lifespan:10 - Starting Sentinel AI...
2026-07-19 21:03:23.890 | INFO     | app.core.lifespan:lifespan:14 - Stopping Sentinel AI...
2026-07-19 21:03:26.592 | INFO     | app.core.lifespan:lifespan:10 - Starting Sentinel AI...
2026-07-19 21:05:07.447 | INFO     | app.core.lifespan:lifespan:14 - Stopping Sentinel AI...
2026-07-19 21:05:10.533 | INFO     | app.core.lifespan:lifespan:10 - Starting Sentinel AI...
2026-07-19 21:06:43.663 | INFO     | app.core.lifespan:lifespan:14 - Stopping Sentinel AI...
2026-07-19 21:06:46.842 | INFO     | app.core.lifespan:lifespan:10 - Starting Sentinel AI...
2026-07-19 21:07:39.899 | INFO     | app.core.lifespan:lifespan:14 - Stopping Sentinel AI...
2026-07-19 21:20:10.888 | INFO     | app.core.lifespan:lifespan:10 - Starting Sentinel AI...
2026-07-19 21:37:41.897 | INFO     | app.core.lifespan:lifespan:14 - Stopping Sentinel AI...
2026-07-20 23:06:12.807 | INFO     | app.core.lifespan:lifespan:10 - Starting Sentinel AI...
2026-07-20 23:06:55.913 | INFO     | app.middleware.logging:dispatch:18 - GET / 200 0.055s
2026-07-20 23:07:03.543 | INFO     | app.middleware.logging:dispatch:18 - GET /doc 404 0.001s
2026-07-20 23:07:06.487 | INFO     | app.middleware.logging:dispatch:18 - GET /docs 200 0.001s
2026-07-20 23:07:09.331 | INFO     | app.middleware.logging:dispatch:18 - GET /openapi.json 200 0.045s
2026-07-20 23:07:27.976 | INFO     | app.middleware.logging:dispatch:18 - GET /api/v1/persons 200 0.399s
2026-07-20 23:15:38.856 | INFO     | app.core.lifespan:lifespan:14 - Stopping Sentinel AI...
2026-07-20 23:15:42.221 | INFO     | app.core.lifespan:lifespan:10 - Starting Sentinel AI...
2026-07-20 23:16:55.488 | INFO     | app.core.lifespan:lifespan:14 - Stopping Sentinel AI...
2026-07-20 23:17:00.658 | INFO     | app.core.lifespan:lifespan:10 - Starting Sentinel AI...
2026-07-20 23:17:13.556 | INFO     | app.core.lifespan:lifespan:14 - Stopping Sentinel AI...
2026-07-20 23:28:04.393 | INFO     | app.core.lifespan:lifespan:10 - Starting Sentinel AI...
2026-07-20 23:28:13.233 | INFO     | app.middleware.logging:dispatch:18 - GET /docs 200 0.002s
2026-07-20 23:28:13.726 | INFO     | app.middleware.logging:dispatch:18 - GET /openapi.json 200 0.052s
2026-07-20 23:28:33.028 | INFO     | app.middleware.logging:dispatch:18 - GET /openapi.json 200 0.001s
2026-07-20 23:29:26.947 | ERROR    | app.core.exceptions:sqlalchemy_exception_handler:46 - (psycopg2.errors.UndefinedTable) relation "vehicles" does not exist
LINE 2: FROM vehicles 
             ^

[SQL: SELECT vehicles.id, vehicles.registration_number, vehicles.manufacturer, vehicles.model, vehicles.color, vehicles.created_at, vehicles.updated_at 
FROM vehicles 
WHERE vehicles.registration_number = %(registration_number_1)s]
[parameters: {'registration_number_1': 'KA01AB1234'}]
(Background on this error at: https://sqlalche.me/e/20/f405)
Traceback (most recent call last):

  File "C:\Users\User\Desktop\sentinel-ai\backend\.venv\Lib\site-packages\sqlalchemy\engine\base.py", line 1969, in _exec_single_context
    self.dialect.do_execute(
    │    │       └ <function DefaultDialect.do_execute at 0x000001ECF13D16C0>
    │    └ <sqlalchemy.dialects.postgresql.psycopg2.PGDialect_psycopg2 object at 0x000001ECF2A66E40>
    └ <sqlalchemy.engine.base.Connection object at 0x000001ECF2DFAF90>
  File "C:\Users\User\Desktop\sentinel-ai\backend\.venv\Lib\site-packages\sqlalchemy\engine\default.py", line 952, in do_execute
    cursor.execute(statement, parameters)
    │      │       │          └ {'registration_number_1': 'KA01AB1234'}
    │      │       └ 'SELECT vehicles.id, vehicles.registration_number, vehicles.manufacturer, vehicles.model, vehicles.color, vehicles.created_at...
    │      └ <method 'execute' of 'psycopg2.extensions.cursor' objects>
    └ <cursor object at 0x000001ECF2E5E500; closed: -1>

psycopg2.errors.UndefinedTable: relation "vehicles" does not exist
LINE 2: FROM vehicles 
             ^



The above exception was the direct cause of the following exception:


Traceback (most recent call last):

  File "<string>", line 1, in <module>
    from multiprocessing.spawn import spawn_main; spawn_main(parent_pid=4956, pipe_handle=544)
                                      │           └ <function spawn_main at 0x000001ECED8DC540>
                                      └ <function spawn_main at 0x000001ECED8DC540>
  File "C:\Users\User\AppData\Local\Programs\Python\Python313\Lib\multiprocessing\spawn.py", line 122, in spawn_main
    exitcode = _main(fd, parent_sentinel)
               │     │   └ 300
               │     └ 3
               └ <function _main at 0x000001ECED8DC5E0>
  File "C:\Users\User\AppData\Local\Programs\Python\Python313\Lib\multiprocessing\spawn.py", line 135, in _main
    return self._bootstrap(parent_sentinel)
           │    │          └ 300
           │    └ <function BaseProcess._bootstrap at 0x000001ECED563E20>
           └ <SpawnProcess name='SpawnProcess-1' parent=4956 started>
  File "C:\Users\User\AppData\Local\Programs\Python\Python313\Lib\multiprocessing\process.py", line 313, in _bootstrap
    self.run()
    │    └ <function BaseProcess.run at 0x000001ECED563380>
    └ <SpawnProcess name='SpawnProcess-1' parent=4956 started>
  File "C:\Users\User\AppData\Local\Programs\Python\Python313\Lib\multiprocessing\process.py", line 108, in run
    self._target(*self._args, **self._kwargs)
    │    │        │    │        │    └ {'config': <uvicorn.config.Config object at 0x000001ECEFB401A0>, 'target': <bound method Server.run of <uvicorn.server.Server...
    │    │        │    │        └ <SpawnProcess name='SpawnProcess-1' parent=4956 started>
    │    │        │    └ ()
    │    │        └ <SpawnProcess name='SpawnProcess-1' parent=4956 started>
    │    └ <function subprocess_started at 0x000001ECEFAF8680>
    └ <SpawnProcess name='SpawnProcess-1' parent=4956 started>
  File "C:\Users\User\Desktop\sentinel-ai\backend\.venv\Lib\site-packages\uvicorn\_subprocess.py", line 80, in subprocess_started
    target(sockets=sockets)
    │              └ [<socket.socket fd=516, family=2, type=1, proto=6, laddr=('127.0.0.1', 8000)>]
    └ <bound method Server.run of <uvicorn.server.Server object at 0x000001ECEFB402F0>>
  File "C:\Users\User\Desktop\sentinel-ai\backend\.venv\Lib\site-packages\uvicorn\server.py", line 74, in run
    return asyncio_run(self.serve(sockets=sockets), loop_factory=self.config.get_loop_factory())
           │           │    │             │                      │    │      └ <function Config.get_loop_factory at 0x000001ECEF966520>
           │           │    │             │                      │    └ <uvicorn.config.Config object at 0x000001ECEFB401A0>
           │           │    │             │                      └ <uvicorn.server.Server object at 0x000001ECEFB402F0>
           │           │    │             └ [<socket.socket fd=516, family=2, type=1, proto=6, laddr=('127.0.0.1', 8000)>]
           │           │    └ <function Server.serve at 0x000001ECEFAEF880>
           │           └ <uvicorn.server.Server object at 0x000001ECEFB402F0>
           └ <function run at 0x000001ECEF29F740>
  File "C:\Users\User\AppData\Local\Programs\Python\Python313\Lib\asyncio\runners.py", line 194, in run
    return runner.run(main)
           │      │   └ <coroutine object Server.serve at 0x000001ECEFB0E180>
           │      └ <function Runner.run at 0x000001ECEF769BC0>
           └ <asyncio.runners.Runner object at 0x000001ECEFB40EC0>
  File "C:\Users\User\AppData\Local\Programs\Python\Python313\Lib\asyncio\runners.py", line 118, in run
    return self._loop.run_until_complete(task)
           │    │     │                  └ <Task pending name='Task-1' coro=<Server.serve() running at C:\Users\User\Desktop\sentinel-ai\backend\.venv\Lib\site-packages...
           │    │     └ <function BaseEventLoop.run_until_complete at 0x000001ECEF767740>
           │    └ <_WindowsSelectorEventLoop running=True closed=False debug=False>
           └ <asyncio.runners.Runner object at 0x000001ECEFB40EC0>
  File "C:\Users\User\AppData\Local\Programs\Python\Python313\Lib\asyncio\base_events.py", line 708, in run_until_complete
    self.run_forever()
    │    └ <function BaseEventLoop.run_forever at 0x000001ECEF7676A0>
    └ <_WindowsSelectorEventLoop running=True closed=False debug=False>
  File "C:\Users\User\AppData\Local\Programs\Python\Python313\Lib\asyncio\base_events.py", line 679, in run_forever
    self._run_once()
    │    └ <function BaseEventLoop._run_once at 0x000001ECEF7694E0>
    └ <_WindowsSelectorEventLoop running=True closed=False debug=False>
  File "C:\Users\User\AppData\Local\Programs\Python\Python313\Lib\asyncio\base_events.py", line 2027, in _run_once
    handle._run()
    │      └ <function Handle._run at 0x000001ECEF298540>
    └ <Handle Task.task_wakeup()>
  File "C:\Users\User\AppData\Local\Programs\Python\Python313\Lib\asyncio\events.py", line 89, in _run
    self._context.run(self._callback, *self._args)
    │    │            │    │           │    └ <member '_args' of 'Handle' objects>
    │    │            │    │           └ <Handle Task.task_wakeup()>
    │    │            │    └ <member '_callback' of 'Handle' objects>
    │    │            └ <Handle Task.task_wakeup()>
    │    └ <member '_context' of 'Handle' objects>
    └ <Handle Task.task_wakeup()>
  File "C:\Users\User\Desktop\sentinel-ai\backend\.venv\Lib\site-packages\anyio\_core\_tasks.py", line 275, in _run_coro
    retval = await self._coro
                   │    └ <member '_coro' of 'TaskHandle' objects>
                   └ <TaskHandle pending name='starlette.middleware.base.BaseHTTPMiddleware.__call__.<locals>.call_next.<locals>.coro' coro=<corou...
  File "C:\Users\User\Desktop\sentinel-ai\backend\.venv\Lib\site-packages\starlette\middleware\base.py", line 144, in coro
    await self.app(scope, receive_or_disconnect, send_no_error)
          │    │   │      │                      └ <function BaseHTTPMiddleware.__call__.<locals>.call_next.<locals>.send_no_error at 0x000001ECF2E4BD80>
          │    │   │      └ <function BaseHTTPMiddleware.__call__.<locals>.call_next.<locals>.receive_or_disconnect at 0x000001ECF2E4B9C0>
          │    │   └ {'type': 'http', 'asgi': {'version': '3.0', 'spec_version': '2.3'}, 'http_version': '1.1', 'server': ('127.0.0.1', 8000), 'cl...
          │    └ <starlette.middleware.exceptions.ExceptionMiddleware object at 0x000001ECF2DF82F0>
          └ <app.middleware.logging.LoggingMiddleware object at 0x000001ECF2DF8440>
  File "C:\Users\User\Desktop\sentinel-ai\backend\.venv\Lib\site-packages\starlette\middleware\exceptions.py", line 63, in __call__
    await wrap_app_handling_exceptions(self.app, conn)(scope, receive, send)
          │                            │    │    │     │      │        └ <function BaseHTTPMiddleware.__call__.<locals>.call_next.<locals>.send_no_error at 0x000001ECF2E4BD80>
          │                            │    │    │     │      └ <function BaseHTTPMiddleware.__call__.<locals>.call_next.<locals>.receive_or_disconnect at 0x000001ECF2E4B9C0>
          │                            │    │    │     └ {'type': 'http', 'asgi': {'version': '3.0', 'spec_version': '2.3'}, 'http_version': '1.1', 'server': ('127.0.0.1', 8000), 'cl...
          │                            │    │    └ <starlette.requests.Request object at 0x000001ECF2D8B570>
          │                            │    └ <fastapi.middleware.asyncexitstack.AsyncExitStackMiddleware object at 0x000001ECF2DF81A0>
          │                            └ <starlette.middleware.exceptions.ExceptionMiddleware object at 0x000001ECF2DF82F0>
          └ <function wrap_app_handling_exceptions at 0x000001ECF0B5B6A0>
  File "C:\Users\User\Desktop\sentinel-ai\backend\.venv\Lib\site-packages\starlette\_exception_handler.py", line 42, in wrapped_app
    await app(scope, receive, sender)
          │   │      │        └ <function wrap_app_handling_exceptions.<locals>.wrapped_app.<locals>.sender at 0x000001ECF2DE9B20>
          │   │      └ <function BaseHTTPMiddleware.__call__.<locals>.call_next.<locals>.receive_or_disconnect at 0x000001ECF2E4B9C0>
          │   └ {'type': 'http', 'asgi': {'version': '3.0', 'spec_version': '2.3'}, 'http_version': '1.1', 'server': ('127.0.0.1', 8000), 'cl...
          └ <fastapi.middleware.asyncexitstack.AsyncExitStackMiddleware object at 0x000001ECF2DF81A0>
  File "C:\Users\User\Desktop\sentinel-ai\backend\.venv\Lib\site-packages\fastapi\middleware\asyncexitstack.py", line 18, in __call__
    await self.app(scope, receive, send)
          │    │   │      │        └ <function wrap_app_handling_exceptions.<locals>.wrapped_app.<locals>.sender at 0x000001ECF2DE9B20>
          │    │   │      └ <function BaseHTTPMiddleware.__call__.<locals>.call_next.<locals>.receive_or_disconnect at 0x000001ECF2E4B9C0>
          │    │   └ {'type': 'http', 'asgi': {'version': '3.0', 'spec_version': '2.3'}, 'http_version': '1.1', 'server': ('127.0.0.1', 8000), 'cl...
          │    └ <fastapi.routing.APIRouter object at 0x000001ECF2D8E9F0>
          └ <fastapi.middleware.asyncexitstack.AsyncExitStackMiddleware object at 0x000001ECF2DF81A0>
  File "C:\Users\User\Desktop\sentinel-ai\backend\.venv\Lib\site-packages\starlette\routing.py", line 660, in __call__
    await self.middleware_stack(scope, receive, send)
          │    │                │      │        └ <function wrap_app_handling_exceptions.<locals>.wrapped_app.<locals>.sender at 0x000001ECF2DE9B20>
          │    │                │      └ <function BaseHTTPMiddleware.__call__.<locals>.call_next.<locals>.receive_or_disconnect at 0x000001ECF2E4B9C0>
          │    │                └ {'type': 'http', 'asgi': {'version': '3.0', 'spec_version': '2.3'}, 'http_version': '1.1', 'server': ('127.0.0.1', 8000), 'cl...
          │    └ <bound method APIRouter.app of <fastapi.routing.APIRouter object at 0x000001ECF2D8E9F0>>
          └ <fastapi.routing.APIRouter object at 0x000001ECF2D8E9F0>
  File "C:\Users\User\Desktop\sentinel-ai\backend\.venv\Lib\site-packages\fastapi\routing.py", line 2685, in app
    await route.handle(scope, receive, send)
          │     │      │      │        └ <function wrap_app_handling_exceptions.<locals>.wrapped_app.<locals>.sender at 0x000001ECF2DE9B20>
          │     │      │      └ <function BaseHTTPMiddleware.__call__.<locals>.call_next.<locals>.receive_or_disconnect at 0x000001ECF2E4B9C0>
          │     │      └ {'type': 'http', 'asgi': {'version': '3.0', 'spec_version': '2.3'}, 'http_version': '1.1', 'server': ('127.0.0.1', 8000), 'cl...
          │     └ <function _IncludedRouter.handle at 0x000001ECF0BAE340>
          └ _IncludedRouter(original_router=<fastapi.routing.APIRouter object at 0x000001ECF2CF0180>, include_context=_RouterIncludeConte...
  File "C:\Users\User\Desktop\sentinel-ai\backend\.venv\Lib\site-packages\fastapi\routing.py", line 1766, in handle
    await self.original_router.handle(scope, receive, send)
          │    │               │      │      │        └ <function wrap_app_handling_exceptions.<locals>.wrapped_app.<locals>.sender at 0x000001ECF2DE9B20>
          │    │               │      │      └ <function BaseHTTPMiddleware.__call__.<locals>.call_next.<locals>.receive_or_disconnect at 0x000001ECF2E4B9C0>
          │    │               │      └ {'type': 'http', 'asgi': {'version': '3.0', 'spec_version': '2.3'}, 'http_version': '1.1', 'server': ('127.0.0.1', 8000), 'cl...
          │    │               └ <function APIRouter.handle at 0x000001ECF0BC4220>
          │    └ <fastapi.routing.APIRouter object at 0x000001ECF2CF0180>
          └ _IncludedRouter(original_router=<fastapi.routing.APIRouter object at 0x000001ECF2CF0180>, include_context=_RouterIncludeConte...
  File "C:\Users\User\Desktop\sentinel-ai\backend\.venv\Lib\site-packages\fastapi\routing.py", line 2740, in handle
    await included_router._handle_selected(scope, receive, send)
          │               │                │      │        └ <function wrap_app_handling_exceptions.<locals>.wrapped_app.<locals>.sender at 0x000001ECF2DE9B20>
          │               │                │      └ <function BaseHTTPMiddleware.__call__.<locals>.call_next.<locals>.receive_or_disconnect at 0x000001ECF2E4B9C0>
          │               │                └ {'type': 'http', 'asgi': {'version': '3.0', 'spec_version': '2.3'}, 'http_version': '1.1', 'server': ('127.0.0.1', 8000), 'cl...
          │               └ <function _IncludedRouter._handle_selected at 0x000001ECF0BAE3E0>
          └ _IncludedRouter(original_router=<fastapi.routing.APIRouter object at 0x000001ECF2CF0180>, include_context=_RouterIncludeConte...
  File "C:\Users\User\Desktop\sentinel-ai\backend\.venv\Lib\site-packages\fastapi\routing.py", line 1777, in _handle_selected
    await route.handle(scope, receive, send)
          │     │      │      │        └ <function wrap_app_handling_exceptions.<locals>.wrapped_app.<locals>.sender at 0x000001ECF2DE9B20>
          │     │      │      └ <function BaseHTTPMiddleware.__call__.<locals>.call_next.<locals>.receive_or_disconnect at 0x000001ECF2E4B9C0>
          │     │      └ {'type': 'http', 'asgi': {'version': '3.0', 'spec_version': '2.3'}, 'http_version': '1.1', 'server': ('127.0.0.1', 8000), 'cl...
          │     └ <function _IncludedRouter.handle at 0x000001ECF0BAE340>
          └ _IncludedRouter(original_router=<fastapi.routing.APIRouter object at 0x000001ECF2D73750>, include_context=_RouterIncludeConte...
  File "C:\Users\User\Desktop\sentinel-ai\backend\.venv\Lib\site-packages\fastapi\routing.py", line 1766, in handle
    await self.original_router.handle(scope, receive, send)
          │    │               │      │      │        └ <function wrap_app_handling_exceptions.<locals>.wrapped_app.<locals>.sender at 0x000001ECF2DE9B20>
          │    │               │      │      └ <function BaseHTTPMiddleware.__call__.<locals>.call_next.<locals>.receive_or_disconnect at 0x000001ECF2E4B9C0>
          │    │               │      └ {'type': 'http', 'asgi': {'version': '3.0', 'spec_version': '2.3'}, 'http_version': '1.1', 'server': ('127.0.0.1', 8000), 'cl...
          │    │               └ <function APIRouter.handle at 0x000001ECF0BC4220>
          │    └ <fastapi.routing.APIRouter object at 0x000001ECF2D73750>
          └ _IncludedRouter(original_router=<fastapi.routing.APIRouter object at 0x000001ECF2D73750>, include_context=_RouterIncludeConte...
  File "C:\Users\User\Desktop\sentinel-ai\backend\.venv\Lib\site-packages\fastapi\routing.py", line 2740, in handle
    await included_router._handle_selected(scope, receive, send)
          │               │                │      │        └ <function wrap_app_handling_exceptions.<locals>.wrapped_app.<locals>.sender at 0x000001ECF2DE9B20>
          │               │                │      └ <function BaseHTTPMiddleware.__call__.<locals>.call_next.<locals>.receive_or_disconnect at 0x000001ECF2E4B9C0>
          │               │                └ {'type': 'http', 'asgi': {'version': '3.0', 'spec_version': '2.3'}, 'http_version': '1.1', 'server': ('127.0.0.1', 8000), 'cl...
          │               └ <function _IncludedRouter._handle_selected at 0x000001ECF0BAE3E0>
          └ _IncludedRouter(original_router=<fastapi.routing.APIRouter object at 0x000001ECF2D73750>, include_context=_RouterIncludeConte...
  File "C:\Users\User\Desktop\sentinel-ai\backend\.venv\Lib\site-packages\fastapi\routing.py", line 1786, in _handle_selected
    await original_route.handle(scope, receive, send)
          │              │      │      │        └ <function wrap_app_handling_exceptions.<locals>.wrapped_app.<locals>.sender at 0x000001ECF2DE9B20>
          │              │      │      └ <function BaseHTTPMiddleware.__call__.<locals>.call_next.<locals>.receive_or_disconnect at 0x000001ECF2E4B9C0>
          │              │      └ {'type': 'http', 'asgi': {'version': '3.0', 'spec_version': '2.3'}, 'http_version': '1.1', 'server': ('127.0.0.1', 8000), 'cl...
          │              └ <function APIRoute.handle at 0x000001ECF0BAC360>
          └ APIRoute(path='/vehicles', name='create_vehicle', methods=['POST'])
  File "C:\Users\User\Desktop\sentinel-ai\backend\.venv\Lib\site-packages\fastapi\routing.py", line 1265, in handle
    await app(scope, receive, send)
          │   │      │        └ <function wrap_app_handling_exceptions.<locals>.wrapped_app.<locals>.sender at 0x000001ECF2DE9B20>
          │   │      └ <function BaseHTTPMiddleware.__call__.<locals>.call_next.<locals>.receive_or_disconnect at 0x000001ECF2E4B9C0>
          │   └ {'type': 'http', 'asgi': {'version': '3.0', 'spec_version': '2.3'}, 'http_version': '1.1', 'server': ('127.0.0.1', 8000), 'cl...
          └ <function request_response.<locals>.app at 0x000001ECF2DE9EE0>
  File "C:\Users\User\Desktop\sentinel-ai\backend\.venv\Lib\site-packages\fastapi\routing.py", line 151, in app
    await wrap_app_handling_exceptions(app, request)(scope, receive, send)
          │                            │    │        │      │        └ <function wrap_app_handling_exceptions.<locals>.wrapped_app.<locals>.sender at 0x000001ECF2DE9B20>
          │                            │    │        │      └ <function BaseHTTPMiddleware.__call__.<locals>.call_next.<locals>.receive_or_disconnect at 0x000001ECF2E4B9C0>
          │                            │    │        └ {'type': 'http', 'asgi': {'version': '3.0', 'spec_version': '2.3'}, 'http_version': '1.1', 'server': ('127.0.0.1', 8000), 'cl...
          │                            │    └ <starlette.requests.Request object at 0x000001ECF2E279B0>
          │                            └ <function request_response.<locals>.app.<locals>.app at 0x000001ECF2DE9800>
          └ <function wrap_app_handling_exceptions at 0x000001ECF0B5B6A0>
> File "C:\Users\User\Desktop\sentinel-ai\backend\.venv\Lib\site-packages\starlette\_exception_handler.py", line 42, in wrapped_app
    await app(scope, receive, sender)
          │   │      │        └ <function wrap_app_handling_exceptions.<locals>.wrapped_app.<locals>.sender at 0x000001ECF2E542C0>
          │   │      └ <function BaseHTTPMiddleware.__call__.<locals>.call_next.<locals>.receive_or_disconnect at 0x000001ECF2E4B9C0>
          │   └ {'type': 'http', 'asgi': {'version': '3.0', 'spec_version': '2.3'}, 'http_version': '1.1', 'server': ('127.0.0.1', 8000), 'cl...
          └ <function request_response.<locals>.app.<locals>.app at 0x000001ECF2DE9800>
  File "C:\Users\User\Desktop\sentinel-ai\backend\.venv\Lib\site-packages\fastapi\routing.py", line 137, in app
    response = await f(request)
                     │ └ <starlette.requests.Request object at 0x000001ECF2E279B0>
                     └ <function get_request_handler.<locals>.app at 0x000001ECF2DE9F80>
  File "C:\Users\User\Desktop\sentinel-ai\backend\.venv\Lib\site-packages\fastapi\routing.py", line 691, in app
    raw_response = await run_endpoint_function(
                         └ <function run_endpoint_function at 0x000001ECF0B976A0>
  File "C:\Users\User\Desktop\sentinel-ai\backend\.venv\Lib\site-packages\fastapi\routing.py", line 347, in run_endpoint_function
    return await run_in_threadpool(dependant.call, **values)
                 │                 │         │       └ {'db': <sqlalchemy.orm.session.Session object at 0x000001ECF2DFABA0>, 'payload': VehicleCreate(registration_number='KA01AB123...
                 │                 │         └ <function create_vehicle at 0x000001ECF2D0E2A0>
                 │                 └ Dependant(path_params=[], query_params=[], header_params=[], cookie_params=[], body_params=[ModelField(field_info=Body(Pydant...
                 └ <function run_in_threadpool at 0x000001ECF0916B60>
  File "C:\Users\User\Desktop\sentinel-ai\backend\.venv\Lib\site-packages\starlette\concurrency.py", line 34, in run_in_threadpool
    return await anyio.to_thread.run_sync(func)
                 │     │         │        └ functools.partial(<function create_vehicle at 0x000001ECF2D0E2A0>, db=<sqlalchemy.orm.session.Session object at 0x000001ECF2D...
                 │     │         └ <function run_sync at 0x000001ECEFC7CB80>
                 │     └ <module 'anyio.to_thread' from 'C:\\Users\\User\\Desktop\\sentinel-ai\\backend\\.venv\\Lib\\site-packages\\anyio\\to_thread.py'>
                 └ <module 'anyio' from 'C:\\Users\\User\\Desktop\\sentinel-ai\\backend\\.venv\\Lib\\site-packages\\anyio\\__init__.py'>
  File "C:\Users\User\Desktop\sentinel-ai\backend\.venv\Lib\site-packages\anyio\to_thread.py", line 65, in run_sync
    return await get_async_backend().run_sync_in_worker_thread(
                 └ <function get_async_backend at 0x000001ECEFC7C680>
  File "C:\Users\User\Desktop\sentinel-ai\backend\.venv\Lib\site-packages\anyio\_backends\_asyncio.py", line 2641, in run_sync_in_worker_thread
    return await future
                 └ <Future finished exception=ProgrammingError('(psycopg2.errors.UndefinedTable) relation "vehicles" does not exist\nLINE 2: FRO...
  File "C:\Users\User\Desktop\sentinel-ai\backend\.venv\Lib\site-packages\anyio\_backends\_asyncio.py", line 1033, in run
    result = context.run(func, *args)

  File "C:\Users\User\Desktop\sentinel-ai\backend\app\api\v1\vehicle.py", line 25, in create_vehicle
    return service.create_vehicle(payload)
           │       │              └ VehicleCreate(registration_number='KA01AB1234', manufacturer='Toyota', model='Fortuner', color='Black')
           │       └ <function VehicleService.create_vehicle at 0x000001ECF2DCB4C0>
           └ <app.services.vehicle_service.VehicleService object at 0x000001ECF2DFA900>

  File "C:\Users\User\Desktop\sentinel-ai\backend\app\services\vehicle_service.py", line 20, in create_vehicle
    existing = self.repository.get_by_registration(
               │    │          └ <function VehicleRepository.get_by_registration at 0x000001ECF2DCB740>
               │    └ <app.repositories.vehicle_repository.VehicleRepository object at 0x000001ECF2DFAE40>
               └ <app.services.vehicle_service.VehicleService object at 0x000001ECF2DFA900>

  File "C:\Users\User\Desktop\sentinel-ai\backend\app\repositories\vehicle_repository.py", line 24, in get_by_registration
    return self.db.scalar(stmt)
           │    │  │      └ <sqlalchemy.sql.selectable.Select object at 0x000001ECF2E09450>
           │    │  └ <function Session.scalar at 0x000001ECF2651D00>
           │    └ <sqlalchemy.orm.session.Session object at 0x000001ECF2DFABA0>
           └ <app.repositories.vehicle_repository.VehicleRepository object at 0x000001ECF2DFAE40>

  File "C:\Users\User\Desktop\sentinel-ai\backend\.venv\Lib\site-packages\sqlalchemy\orm\session.py", line 2421, in scalar
    return self._execute_internal(
           │    └ <function Session._execute_internal at 0x000001ECF2651800>
           └ <sqlalchemy.orm.session.Session object at 0x000001ECF2DFABA0>
  File "C:\Users\User\Desktop\sentinel-ai\backend\.venv\Lib\site-packages\sqlalchemy\orm\session.py", line 2271, in _execute_internal
    result: Result[Any] = compile_state_cls.orm_execute_statement(
                   │      │                 └ <classmethod(<function AbstractORMCompileState.orm_execute_statement at 0x000001ECF24BFB00>)>
                   │      └ <class 'sqlalchemy.orm.context.ORMSelectCompileState'>
                   └ typing.Any
  File "C:\Users\User\Desktop\sentinel-ai\backend\.venv\Lib\site-packages\sqlalchemy\orm\context.py", line 306, in orm_execute_statement
    result = conn.execute(
             │    └ <function Connection.execute at 0x000001ECF1315B20>
             └ <sqlalchemy.engine.base.Connection object at 0x000001ECF2DFAF90>
  File "C:\Users\User\Desktop\sentinel-ai\backend\.venv\Lib\site-packages\sqlalchemy\engine\base.py", line 1421, in execute
    return meth(
           └ <bound method ClauseElement._execute_on_connection of <sqlalchemy.sql.selectable.Select object at 0x000001ECF2E09450>>
  File "C:\Users\User\Desktop\sentinel-ai\backend\.venv\Lib\site-packages\sqlalchemy\sql\elements.py", line 526, in _execute_on_connection
    return connection._execute_clauseelement(
           │          └ <function Connection._execute_clauseelement at 0x000001ECF1315E40>
           └ <sqlalchemy.engine.base.Connection object at 0x000001ECF2DFAF90>
  File "C:\Users\User\Desktop\sentinel-ai\backend\.venv\Lib\site-packages\sqlalchemy\engine\base.py", line 1643, in _execute_clauseelement
    ret = self._execute_context(
          │    └ <function Connection._execute_context at 0x000001ECF1316020>
          └ <sqlalchemy.engine.base.Connection object at 0x000001ECF2DFAF90>
  File "C:\Users\User\Desktop\sentinel-ai\backend\.venv\Lib\site-packages\sqlalchemy\engine\base.py", line 1848, in _execute_context
    return self._exec_single_context(
           │    └ <function Connection._exec_single_context at 0x000001ECF13160C0>
           └ <sqlalchemy.engine.base.Connection object at 0x000001ECF2DFAF90>
  File "C:\Users\User\Desktop\sentinel-ai\backend\.venv\Lib\site-packages\sqlalchemy\engine\base.py", line 1988, in _exec_single_context
    self._handle_dbapi_exception(
    │    └ <function Connection._handle_dbapi_exception at 0x000001ECF1316340>
    └ <sqlalchemy.engine.base.Connection object at 0x000001ECF2DFAF90>
  File "C:\Users\User\Desktop\sentinel-ai\backend\.venv\Lib\site-packages\sqlalchemy\engine\base.py", line 2365, in _handle_dbapi_exception
    raise sqlalchemy_exception.with_traceback(exc_info[2]) from e
          │                    │              │                 └ UndefinedTable('relation "vehicles" does not exist\nLINE 2: FROM vehicles \n             ^\n')
          │                    │              └ (<class 'psycopg2.errors.UndefinedTable'>, UndefinedTable('relation "vehicles" does not exist\nLINE 2: FROM vehicles \n      ...
          │                    └ <method 'with_traceback' of 'BaseException' objects>
          └ ProgrammingError('(psycopg2.errors.UndefinedTable) relation "vehicles" does not exist\nLINE 2: FROM vehicles \n             ^...
  File "C:\Users\User\Desktop\sentinel-ai\backend\.venv\Lib\site-packages\sqlalchemy\engine\base.py", line 1969, in _exec_single_context
    self.dialect.do_execute(
    │    │       └ <function DefaultDialect.do_execute at 0x000001ECF13D16C0>
    │    └ <sqlalchemy.dialects.postgresql.psycopg2.PGDialect_psycopg2 object at 0x000001ECF2A66E40>
    └ <sqlalchemy.engine.base.Connection object at 0x000001ECF2DFAF90>
  File "C:\Users\User\Desktop\sentinel-ai\backend\.venv\Lib\site-packages\sqlalchemy\engine\default.py", line 952, in do_execute
    cursor.execute(statement, parameters)
    │      │       │          └ {'registration_number_1': 'KA01AB1234'}
    │      │       └ 'SELECT vehicles.id, vehicles.registration_number, vehicles.manufacturer, vehicles.model, vehicles.color, vehicles.created_at...
    │      └ <method 'execute' of 'psycopg2.extensions.cursor' objects>
    └ <cursor object at 0x000001ECF2E5E500; closed: -1>

sqlalchemy.exc.ProgrammingError: (psycopg2.errors.UndefinedTable) relation "vehicles" does not exist
LINE 2: FROM vehicles 
             ^

[SQL: SELECT vehicles.id, vehicles.registration_number, vehicles.manufacturer, vehicles.model, vehicles.color, vehicles.created_at, vehicles.updated_at 
FROM vehicles 
WHERE vehicles.registration_number = %(registration_number_1)s]
[parameters: {'registration_number_1': 'KA01AB1234'}]
(Background on this error at: https://sqlalche.me/e/20/f405)
2026-07-20 23:29:27.288 | INFO     | app.middleware.logging:dispatch:18 - POST /api/v1/vehicles 500 0.445s
2026-07-20 23:31:39.756 | INFO     | app.core.lifespan:lifespan:14 - Stopping Sentinel AI...
2026-07-20 23:37:43.161 | INFO     | app.core.lifespan:lifespan:10 - Starting Sentinel AI...
2026-07-20 23:37:53.571 | INFO     | app.middleware.logging:dispatch:18 - POST /api/v1/vehicles 201 0.156s
2026-07-20 23:39:49.064 | INFO     | app.core.lifespan:lifespan:14 - Stopping Sentinel AI...
2026-07-20 23:39:52.506 | INFO     | app.core.lifespan:lifespan:10 - Starting Sentinel AI...
2026-07-20 23:40:45.931 | INFO     | app.core.lifespan:lifespan:14 - Stopping Sentinel AI...
2026-07-20 23:40:50.695 | INFO     | app.core.lifespan:lifespan:10 - Starting Sentinel AI...
2026-07-20 23:40:58.330 | INFO     | app.core.lifespan:lifespan:14 - Stopping Sentinel AI...
